<?xml version="1.0" encoding="UTF-8"?>
<testng-results ignored="0" total="2" passed="2" failed="0" skipped="0">
  <reporter-output>
  </reporter-output>
  <suite started-at="2019-03-01T20:13:13Z" name="All Pet Store Tests" finished-at="2019-03-01T20:13:29Z" duration-ms="15631">
    <groups>
    </groups>
    <test started-at="2019-03-01T20:13:13Z" name="Negative Login Tests" finished-at="2019-03-01T20:13:22Z" duration-ms="9538">
      <class name="jpetstore.tests.FailedLoginTests">
        <test-method is-config="true" signature="beforeClass()[pri:0, instance:jpetstore.tests.FailedLoginTests@40ee0a22]" started-at="2019-03-01T20:13:13Z" name="beforeClass" finished-at="2019-03-01T20:13:14Z" duration-ms="1448" status="PASS">
          <reporter-output>
          </reporter-output>
        </test-method> <!-- beforeClass -->
        <test-method is-config="true" signature="beforeTest()[pri:0, instance:jpetstore.tests.FailedLoginTests@40ee0a22]" started-at="2019-03-01T20:13:14Z" name="beforeTest" finished-at="2019-03-01T20:13:20Z" duration-ms="5645" status="PASS">
          <reporter-output>
          </reporter-output>
        </test-method> <!-- beforeTest -->
        <test-method signature="asUserTryToLogInWithIncorrectLoginAndPassword()[pri:0, instance:jpetstore.tests.FailedLoginTests@40ee0a22]" started-at="2019-03-01T20:13:20Z" name="asUserTryToLogInWithIncorrectLoginAndPassword" finished-at="2019-03-01T20:13:22Z" duration-ms="1390" status="PASS">
          <reporter-output>
          </reporter-output>
        </test-method> <!-- asUserTryToLogInWithIncorrectLoginAndPassword -->
        <test-method is-config="true" signature="afterTest()[pri:0, instance:jpetstore.tests.FailedLoginTests@40ee0a22]" started-at="2019-03-01T20:13:22Z" name="afterTest" finished-at="2019-03-01T20:13:22Z" duration-ms="749" status="PASS">
          <reporter-output>
          </reporter-output>
        </test-method> <!-- afterTest -->
      </class> <!-- jpetstore.tests.FailedLoginTests -->
    </test> <!-- Negative Login Tests -->
    <test started-at="2019-03-01T20:13:23Z" name="Positive Login Tests" finished-at="2019-03-01T20:13:29Z" duration-ms="6006">
      <class name="jpetstore.tests.PositiveLoginTests">
        <test-method is-config="true" signature="beforeTest()[pri:0, instance:jpetstore.tests.PositiveLoginTests@388b401d]" started-at="2019-03-01T20:13:23Z" name="beforeTest" finished-at="2019-03-01T20:13:27Z" duration-ms="4014" status="PASS">
          <reporter-output>
          </reporter-output>
        </test-method> <!-- beforeTest -->
        <test-method is-config="true" signature="beforeClass()[pri:0, instance:jpetstore.tests.PositiveLoginTests@388b401d]" started-at="2019-03-01T20:13:23Z" name="beforeClass" finished-at="2019-03-01T20:13:23Z" duration-ms="0" status="PASS">
          <reporter-output>
          </reporter-output>
        </test-method> <!-- beforeClass -->
        <test-method signature="asUserLoginUsingValidLoginAndPassword()[pri:0, instance:jpetstore.tests.PositiveLoginTests@388b401d]" started-at="2019-03-01T20:13:27Z" name="asUserLoginUsingValidLoginAndPassword" finished-at="2019-03-01T20:13:28Z" duration-ms="1244" status="PASS">
          <reporter-output>
          </reporter-output>
        </test-method> <!-- asUserLoginUsingValidLoginAndPassword -->
        <test-method is-config="true" signature="afterTest()[pri:0, instance:jpetstore.tests.PositiveLoginTests@388b401d]" started-at="2019-03-01T20:13:28Z" name="afterTest" finished-at="2019-03-01T20:13:29Z" duration-ms="738" status="PASS">
          <reporter-output>
          </reporter-output>
        </test-method> <!-- afterTest -->
      </class> <!-- jpetstore.tests.PositiveLoginTests -->
    </test> <!-- Positive Login Tests -->
  </suite> <!-- All Pet Store Tests -->
</testng-results>
